[20:22:54] [main/INFO] [GradleStart]: username: zaneqlster@gmail.com
[20:22:54] [main/INFO] [GradleStart]: Extra: []
[20:22:54] [main/INFO] [GradleStart]: Password found, attempting login
[20:22:55] [main/INFO] [GradleStart]: Login Succesful!
[20:22:55] [main/INFO] [GradleStart]: Running with arguments: [--userProperties, [], --assetsDir, C:/Users/Spark Flash/.gradle/caches/minecraft/assets, --assetIndex, 1.8, --userType, mojang, --accessToken{REDACTED}, --version, 1.8, --uuid, 1dd59d27b4504896ab9e7fbdcb38e3a5, --username, ParadoxBomb, --tweakClass, net.minecraftforge.fml.common.launcher.FMLTweaker, --tweakClass, net.minecraftforge.gradle.tweakers.CoremodTweaker]
[20:22:55] [main/INFO] [LaunchWrapper]: Loading tweak class name net.minecraftforge.fml.common.launcher.FMLTweaker
[20:22:55] [main/INFO] [LaunchWrapper]: Using primary tweak class name net.minecraftforge.fml.common.launcher.FMLTweaker
[20:22:55] [main/INFO] [LaunchWrapper]: Loading tweak class name net.minecraftforge.gradle.tweakers.CoremodTweaker
[20:22:55] [main/INFO] [LaunchWrapper]: Calling tweak class net.minecraftforge.fml.common.launcher.FMLTweaker
[21:37:26] [main/INFO] [GradleStart]: username: zaneqlster@gmail.com
[21:37:26] [main/INFO] [GradleStart]: Extra: []
[21:37:26] [main/INFO] [GradleStart]: Password found, attempting login
[21:37:27] [main/INFO] [GradleStart]: Login Succesful!
[21:37:27] [main/INFO] [GradleStart]: Running with arguments: [--userProperties, [], --assetsDir, C:/Users/Spark Flash/.gradle/caches/minecraft/assets, --assetIndex, 1.8, --userType, mojang, --accessToken{REDACTED}, --version, 1.8, --uuid, 1dd59d27b4504896ab9e7fbdcb38e3a5, --username, ParadoxBomb, --tweakClass, net.minecraftforge.fml.common.launcher.FMLTweaker, --tweakClass, net.minecraftforge.gradle.tweakers.CoremodTweaker]
[21:37:27] [main/INFO] [LaunchWrapper]: Loading tweak class name net.minecraftforge.fml.common.launcher.FMLTweaker
[21:37:27] [main/INFO] [LaunchWrapper]: Using primary tweak class name net.minecraftforge.fml.common.launcher.FMLTweaker
[21:37:27] [main/INFO] [LaunchWrapper]: Loading tweak class name net.minecraftforge.gradle.tweakers.CoremodTweaker
[21:37:27] [main/INFO] [LaunchWrapper]: Calling tweak class net.minecraftforge.fml.common.launcher.FMLTweaker
[20:21:22] [main/INFO] [GradleStart]: username: zaneqlster@gmail.com
[20:21:22] [main/INFO] [GradleStart]: Extra: []
[20:21:22] [main/INFO] [GradleStart]: Password found, attempting login
[20:21:25] [main/INFO] [GradleStart]: Login Succesful!
[20:21:25] [main/INFO] [GradleStart]: Running with arguments: [--userProperties, [], --assetsDir, C:/Users/Spark Flash/.gradle/caches/minecraft/assets, --assetIndex, 1.8, --userType, mojang, --accessToken{REDACTED}, --version, 1.8, --uuid, 1dd59d27b4504896ab9e7fbdcb38e3a5, --username, ParadoxBomb, --tweakClass, net.minecraftforge.fml.common.launcher.FMLTweaker, --tweakClass, net.minecraftforge.gradle.tweakers.CoremodTweaker]
[20:21:25] [main/INFO] [LaunchWrapper]: Loading tweak class name net.minecraftforge.fml.common.launcher.FMLTweaker
[20:21:26] [main/INFO] [LaunchWrapper]: Using primary tweak class name net.minecraftforge.fml.common.launcher.FMLTweaker
[20:21:26] [main/INFO] [LaunchWrapper]: Loading tweak class name net.minecraftforge.gradle.tweakers.CoremodTweaker
[20:21:26] [main/INFO] [LaunchWrapper]: Calling tweak class net.minecraftforge.fml.common.launcher.FMLTweaker
[12:07:29] [main/INFO] [GradleStart]: username: zaneqlster@gmail.com
[12:07:29] [main/INFO] [GradleStart]: Extra: []
[12:07:29] [main/INFO] [GradleStart]: Password found, attempting login
[12:07:31] [main/INFO] [GradleStart]: Login Succesful!
[12:07:31] [main/INFO] [GradleStart]: Running with arguments: [--userProperties, [], --assetsDir, C:/Users/Spark Flash/.gradle/caches/minecraft/assets, --assetIndex, 1.8, --userType, mojang, --accessToken{REDACTED}, --version, 1.8, --uuid, 1dd59d27b4504896ab9e7fbdcb38e3a5, --username, ParadoxBomb, --tweakClass, net.minecraftforge.fml.common.launcher.FMLTweaker, --tweakClass, net.minecraftforge.gradle.tweakers.CoremodTweaker]
[12:07:31] [main/INFO] [LaunchWrapper]: Loading tweak class name net.minecraftforge.fml.common.launcher.FMLTweaker
[12:07:32] [main/INFO] [LaunchWrapper]: Using primary tweak class name net.minecraftforge.fml.common.launcher.FMLTweaker
[12:07:32] [main/INFO] [LaunchWrapper]: Loading tweak class name net.minecraftforge.gradle.tweakers.CoremodTweaker
[12:07:32] [main/INFO] [LaunchWrapper]: Calling tweak class net.minecraftforge.fml.common.launcher.FMLTweaker
[20:23:28] [main/INFO] [GradleStart]: username: zaneqlster@gmail.com
[20:23:28] [main/INFO] [GradleStart]: Extra: []
[20:23:28] [main/INFO] [GradleStart]: Password found, attempting login
[20:23:31] [main/INFO] [GradleStart]: Login Succesful!
[20:23:31] [main/INFO] [GradleStart]: Running with arguments: [--userProperties, [], --assetsDir, C:/Users/Spark Flash/.gradle/caches/minecraft/assets, --assetIndex, 1.8, --userType, mojang, --accessToken{REDACTED}, --version, 1.8, --uuid, 1dd59d27b4504896ab9e7fbdcb38e3a5, --username, ParadoxBomb, --tweakClass, net.minecraftforge.fml.common.launcher.FMLTweaker, --tweakClass, net.minecraftforge.gradle.tweakers.CoremodTweaker]
[20:23:31] [main/INFO] [LaunchWrapper]: Loading tweak class name net.minecraftforge.fml.common.launcher.FMLTweaker
[20:23:31] [main/INFO] [LaunchWrapper]: Using primary tweak class name net.minecraftforge.fml.common.launcher.FMLTweaker
[20:23:31] [main/INFO] [LaunchWrapper]: Loading tweak class name net.minecraftforge.gradle.tweakers.CoremodTweaker
[20:23:31] [main/INFO] [LaunchWrapper]: Calling tweak class net.minecraftforge.fml.common.launcher.FMLTweaker
[23:27:23] [main/INFO] [GradleStart]: username: zaneqlster@gmail.com
[23:27:23] [main/INFO] [GradleStart]: Extra: []
[23:27:23] [main/INFO] [GradleStart]: Password found, attempting login
[23:27:25] [main/INFO] [GradleStart]: Login Succesful!
[23:27:25] [main/INFO] [GradleStart]: Running with arguments: [--userProperties, [], --assetsDir, C:/Users/Spark Flash/.gradle/caches/minecraft/assets, --assetIndex, 1.8, --userType, mojang, --accessToken{REDACTED}, --version, 1.8, --uuid, 1dd59d27b4504896ab9e7fbdcb38e3a5, --username, ParadoxBomb, --tweakClass, net.minecraftforge.fml.common.launcher.FMLTweaker, --tweakClass, net.minecraftforge.gradle.tweakers.CoremodTweaker]
[23:27:25] [main/INFO] [LaunchWrapper]: Loading tweak class name net.minecraftforge.fml.common.launcher.FMLTweaker
[23:27:26] [main/INFO] [LaunchWrapper]: Using primary tweak class name net.minecraftforge.fml.common.launcher.FMLTweaker
[23:27:26] [main/INFO] [LaunchWrapper]: Loading tweak class name net.minecraftforge.gradle.tweakers.CoremodTweaker
[23:27:26] [main/INFO] [LaunchWrapper]: Calling tweak class net.minecraftforge.fml.common.launcher.FMLTweaker
[23:34:11] [main/INFO] [GradleStart]: username: zaneqlster@gmail.com
[23:34:11] [main/INFO] [GradleStart]: Extra: []
[23:34:11] [main/INFO] [GradleStart]: Password found, attempting login
[23:34:13] [main/INFO] [GradleStart]: Login Succesful!
[23:34:14] [main/INFO] [GradleStart]: Running with arguments: [--userProperties, [], --assetsDir, C:/Users/Spark Flash/.gradle/caches/minecraft/assets, --assetIndex, 1.8, --userType, mojang, --accessToken{REDACTED}, --version, 1.8, --uuid, 1dd59d27b4504896ab9e7fbdcb38e3a5, --username, ParadoxBomb, --tweakClass, net.minecraftforge.fml.common.launcher.FMLTweaker, --tweakClass, net.minecraftforge.gradle.tweakers.CoremodTweaker]
[23:34:14] [main/INFO] [LaunchWrapper]: Loading tweak class name net.minecraftforge.fml.common.launcher.FMLTweaker
[23:34:14] [main/INFO] [LaunchWrapper]: Using primary tweak class name net.minecraftforge.fml.common.launcher.FMLTweaker
[23:34:14] [main/INFO] [LaunchWrapper]: Loading tweak class name net.minecraftforge.gradle.tweakers.CoremodTweaker
[23:34:14] [main/INFO] [LaunchWrapper]: Calling tweak class net.minecraftforge.fml.common.launcher.FMLTweaker
[23:53:20] [main/INFO] [GradleStart]: username: zaneqlster@gmail.com
[23:53:20] [main/INFO] [GradleStart]: Extra: []
[23:53:20] [main/INFO] [GradleStart]: Password found, attempting login
[23:53:23] [main/INFO] [GradleStart]: Login Succesful!
[23:53:23] [main/INFO] [GradleStart]: Running with arguments: [--userProperties, [], --assetsDir, C:/Users/Spark Flash/.gradle/caches/minecraft/assets, --assetIndex, 1.8, --userType, mojang, --accessToken{REDACTED}, --version, 1.8, --uuid, 1dd59d27b4504896ab9e7fbdcb38e3a5, --username, ParadoxBomb, --tweakClass, net.minecraftforge.fml.common.launcher.FMLTweaker, --tweakClass, net.minecraftforge.gradle.tweakers.CoremodTweaker]
[23:53:23] [main/INFO] [LaunchWrapper]: Loading tweak class name net.minecraftforge.fml.common.launcher.FMLTweaker
[23:53:23] [main/INFO] [LaunchWrapper]: Using primary tweak class name net.minecraftforge.fml.common.launcher.FMLTweaker
[23:53:23] [main/INFO] [LaunchWrapper]: Loading tweak class name net.minecraftforge.gradle.tweakers.CoremodTweaker
[23:53:23] [main/INFO] [LaunchWrapper]: Calling tweak class net.minecraftforge.fml.common.launcher.FMLTweaker
[13:28:21] [main/INFO] [GradleStart]: username: zaneqlster@gmail.com
[13:28:21] [main/INFO] [GradleStart]: Extra: []
[13:28:21] [main/INFO] [GradleStart]: Password found, attempting login
[13:28:23] [main/INFO] [GradleStart]: Login Succesful!
[13:28:23] [main/INFO] [GradleStart]: Running with arguments: [--userProperties, [], --assetsDir, C:/Users/Spark Flash/.gradle/caches/minecraft/assets, --assetIndex, 1.8, --userType, mojang, --accessToken{REDACTED}, --version, 1.8, --uuid, 1dd59d27b4504896ab9e7fbdcb38e3a5, --username, ParadoxBomb, --tweakClass, net.minecraftforge.fml.common.launcher.FMLTweaker, --tweakClass, net.minecraftforge.gradle.tweakers.CoremodTweaker]
[13:28:23] [main/INFO] [LaunchWrapper]: Loading tweak class name net.minecraftforge.fml.common.launcher.FMLTweaker
[13:28:23] [main/INFO] [LaunchWrapper]: Using primary tweak class name net.minecraftforge.fml.common.launcher.FMLTweaker
[13:28:23] [main/INFO] [LaunchWrapper]: Loading tweak class name net.minecraftforge.gradle.tweakers.CoremodTweaker
[13:28:23] [main/INFO] [LaunchWrapper]: Calling tweak class net.minecraftforge.fml.common.launcher.FMLTweaker
[15:05:51] [main/INFO] [GradleStart]: username: zaneqlster@gmail.com
[15:05:52] [main/INFO] [GradleStart]: Extra: []
[15:05:52] [main/INFO] [GradleStart]: Password found, attempting login
[15:05:53] [main/INFO] [GradleStart]: Login Succesful!
[15:05:53] [main/INFO] [GradleStart]: Running with arguments: [--userProperties, [], --assetsDir, C:/Users/Spark Flash/.gradle/caches/minecraft/assets, --assetIndex, 1.8, --userType, mojang, --accessToken{REDACTED}, --version, 1.8.9, --uuid, 1dd59d27b4504896ab9e7fbdcb38e3a5, --username, ParadoxBomb, --tweakClass, net.minecraftforge.fml.common.launcher.FMLTweaker, --tweakClass, net.minecraftforge.gradle.tweakers.CoremodTweaker]
[15:05:53] [main/INFO] [LaunchWrapper]: Loading tweak class name net.minecraftforge.fml.common.launcher.FMLTweaker
[15:05:53] [main/INFO] [LaunchWrapper]: Using primary tweak class name net.minecraftforge.fml.common.launcher.FMLTweaker
[15:05:53] [main/INFO] [LaunchWrapper]: Loading tweak class name net.minecraftforge.gradle.tweakers.CoremodTweaker
[15:05:53] [main/INFO] [LaunchWrapper]: Calling tweak class net.minecraftforge.fml.common.launcher.FMLTweaker
[15:11:19] [main/INFO] [GradleStart]: username: zaneqlster@gmail.com
[15:11:19] [main/INFO] [GradleStart]: Extra: []
[15:11:19] [main/INFO] [GradleStart]: Password found, attempting login
[15:11:20] [main/INFO] [GradleStart]: Login Succesful!
[15:11:20] [main/INFO] [GradleStart]: Running with arguments: [--userProperties, [], --assetsDir, C:/Users/Spark Flash/.gradle/caches/minecraft/assets, --assetIndex, 1.8, --userType, mojang, --accessToken{REDACTED}, --version, 1.8.9, --uuid, 1dd59d27b4504896ab9e7fbdcb38e3a5, --username, ParadoxBomb, --tweakClass, net.minecraftforge.fml.common.launcher.FMLTweaker, --tweakClass, net.minecraftforge.gradle.tweakers.CoremodTweaker]
[15:11:20] [main/INFO] [LaunchWrapper]: Loading tweak class name net.minecraftforge.fml.common.launcher.FMLTweaker
[15:11:20] [main/INFO] [LaunchWrapper]: Using primary tweak class name net.minecraftforge.fml.common.launcher.FMLTweaker
[15:11:20] [main/INFO] [LaunchWrapper]: Loading tweak class name net.minecraftforge.gradle.tweakers.CoremodTweaker
[15:11:20] [main/INFO] [LaunchWrapper]: Calling tweak class net.minecraftforge.fml.common.launcher.FMLTweaker
[15:14:11] [main/INFO] [GradleStart]: username: zaneqlster@gmail.com
[15:14:11] [main/INFO] [GradleStart]: Extra: []
[15:14:11] [main/INFO] [GradleStart]: Password found, attempting login
[15:14:11] [main/INFO] [GradleStart]: Login Succesful!
[15:14:12] [main/INFO] [GradleStart]: Running with arguments: [--userProperties, [], --assetsDir, C:/Users/Spark Flash/.gradle/caches/minecraft/assets, --assetIndex, 1.8, --userType, mojang, --accessToken{REDACTED}, --version, 1.8.9, --uuid, 1dd59d27b4504896ab9e7fbdcb38e3a5, --username, ParadoxBomb, --tweakClass, net.minecraftforge.fml.common.launcher.FMLTweaker, --tweakClass, net.minecraftforge.gradle.tweakers.CoremodTweaker]
[15:14:12] [main/INFO] [LaunchWrapper]: Loading tweak class name net.minecraftforge.fml.common.launcher.FMLTweaker
[15:14:12] [main/INFO] [LaunchWrapper]: Using primary tweak class name net.minecraftforge.fml.common.launcher.FMLTweaker
[15:14:12] [main/INFO] [LaunchWrapper]: Loading tweak class name net.minecraftforge.gradle.tweakers.CoremodTweaker
[15:14:12] [main/INFO] [LaunchWrapper]: Calling tweak class net.minecraftforge.fml.common.launcher.FMLTweaker
[15:19:26] [main/INFO] [GradleStart]: username: zaneqlster@gmail.com
[15:19:26] [main/INFO] [GradleStart]: Extra: []
[15:19:26] [main/INFO] [GradleStart]: Password found, attempting login
[15:19:27] [main/INFO] [GradleStart]: Login Succesful!
[15:19:27] [main/INFO] [GradleStart]: Running with arguments: [--userProperties, [], --assetsDir, C:/Users/Spark Flash/.gradle/caches/minecraft/assets, --assetIndex, 1.8, --userType, mojang, --accessToken{REDACTED}, --version, 1.8.9, --uuid, 1dd59d27b4504896ab9e7fbdcb38e3a5, --username, ParadoxBomb, --tweakClass, net.minecraftforge.fml.common.launcher.FMLTweaker, --tweakClass, net.minecraftforge.gradle.tweakers.CoremodTweaker]
[15:19:27] [main/INFO] [LaunchWrapper]: Loading tweak class name net.minecraftforge.fml.common.launcher.FMLTweaker
[15:19:27] [main/INFO] [LaunchWrapper]: Using primary tweak class name net.minecraftforge.fml.common.launcher.FMLTweaker
[15:19:27] [main/INFO] [LaunchWrapper]: Loading tweak class name net.minecraftforge.gradle.tweakers.CoremodTweaker
[15:19:27] [main/INFO] [LaunchWrapper]: Calling tweak class net.minecraftforge.fml.common.launcher.FMLTweaker
[15:21:00] [main/INFO] [GradleStart]: username: zaneqlster@gmail.com
[15:21:00] [main/INFO] [GradleStart]: Extra: []
[15:21:00] [main/INFO] [GradleStart]: Password found, attempting login
[15:21:01] [main/INFO] [GradleStart]: Login Succesful!
[15:21:01] [main/INFO] [GradleStart]: Running with arguments: [--userProperties, [], --assetsDir, C:/Users/Spark Flash/.gradle/caches/minecraft/assets, --assetIndex, 1.8, --userType, mojang, --accessToken{REDACTED}, --version, 1.8.9, --uuid, 1dd59d27b4504896ab9e7fbdcb38e3a5, --username, ParadoxBomb, --tweakClass, net.minecraftforge.fml.common.launcher.FMLTweaker, --tweakClass, net.minecraftforge.gradle.tweakers.CoremodTweaker]
[15:21:01] [main/INFO] [LaunchWrapper]: Loading tweak class name net.minecraftforge.fml.common.launcher.FMLTweaker
[15:21:01] [main/INFO] [LaunchWrapper]: Using primary tweak class name net.minecraftforge.fml.common.launcher.FMLTweaker
[15:21:01] [main/INFO] [LaunchWrapper]: Loading tweak class name net.minecraftforge.gradle.tweakers.CoremodTweaker
[15:21:01] [main/INFO] [LaunchWrapper]: Calling tweak class net.minecraftforge.fml.common.launcher.FMLTweaker
[15:35:25] [main/INFO] [GradleStart]: username: zaneqlster@gmail.com
[15:35:25] [main/INFO] [GradleStart]: Extra: []
[15:35:25] [main/INFO] [GradleStart]: Password found, attempting login
[15:35:26] [main/INFO] [GradleStart]: Login Succesful!
[15:35:26] [main/INFO] [GradleStart]: Running with arguments: [--userProperties, [], --assetsDir, C:/Users/Spark Flash/.gradle/caches/minecraft/assets, --assetIndex, 1.8, --userType, mojang, --accessToken{REDACTED}, --version, 1.8.9, --uuid, 1dd59d27b4504896ab9e7fbdcb38e3a5, --username, ParadoxBomb, --tweakClass, net.minecraftforge.fml.common.launcher.FMLTweaker, --tweakClass, net.minecraftforge.gradle.tweakers.CoremodTweaker]
[15:35:26] [main/INFO] [LaunchWrapper]: Loading tweak class name net.minecraftforge.fml.common.launcher.FMLTweaker
[15:35:26] [main/INFO] [LaunchWrapper]: Using primary tweak class name net.minecraftforge.fml.common.launcher.FMLTweaker
[15:35:26] [main/INFO] [LaunchWrapper]: Loading tweak class name net.minecraftforge.gradle.tweakers.CoremodTweaker
[15:35:26] [main/INFO] [LaunchWrapper]: Calling tweak class net.minecraftforge.fml.common.launcher.FMLTweaker
[19:35:54] [main/INFO] [GradleStart]: username: zaneqlster@gmail.com
[19:35:54] [main/INFO] [GradleStart]: Extra: []
[19:35:54] [main/INFO] [GradleStart]: Password found, attempting login
[19:35:56] [main/INFO] [GradleStart]: Login Succesful!
[19:35:56] [main/INFO] [GradleStart]: Running with arguments: [--userProperties, [], --assetsDir, C:/Users/Spark Flash/.gradle/caches/minecraft/assets, --assetIndex, 1.8, --userType, mojang, --accessToken{REDACTED}, --version, 1.8.9, --uuid, 1dd59d27b4504896ab9e7fbdcb38e3a5, --username, ParadoxBomb, --tweakClass, net.minecraftforge.fml.common.launcher.FMLTweaker, --tweakClass, net.minecraftforge.gradle.tweakers.CoremodTweaker]
[19:35:56] [main/INFO] [LaunchWrapper]: Loading tweak class name net.minecraftforge.fml.common.launcher.FMLTweaker
[19:35:56] [main/INFO] [LaunchWrapper]: Using primary tweak class name net.minecraftforge.fml.common.launcher.FMLTweaker
[19:35:56] [main/INFO] [LaunchWrapper]: Loading tweak class name net.minecraftforge.gradle.tweakers.CoremodTweaker
[19:35:56] [main/INFO] [LaunchWrapper]: Calling tweak class net.minecraftforge.fml.common.launcher.FMLTweaker
[19:37:59] [main/INFO] [GradleStart]: username: zaneqlster@gmail.com
[19:37:59] [main/INFO] [GradleStart]: Extra: []
[19:37:59] [main/INFO] [GradleStart]: Password found, attempting login
[19:38:01] [main/INFO] [GradleStart]: Login Succesful!
[19:38:01] [main/INFO] [GradleStart]: Running with arguments: [--userProperties, [], --assetsDir, C:/Users/Spark Flash/.gradle/caches/minecraft/assets, --assetIndex, 1.8, --userType, mojang, --accessToken{REDACTED}, --version, 1.8.9, --uuid, 1dd59d27b4504896ab9e7fbdcb38e3a5, --username, ParadoxBomb, --tweakClass, net.minecraftforge.fml.common.launcher.FMLTweaker, --tweakClass, net.minecraftforge.gradle.tweakers.CoremodTweaker]
[19:38:01] [main/INFO] [LaunchWrapper]: Loading tweak class name net.minecraftforge.fml.common.launcher.FMLTweaker
[19:38:01] [main/INFO] [LaunchWrapper]: Using primary tweak class name net.minecraftforge.fml.common.launcher.FMLTweaker
[19:38:01] [main/INFO] [LaunchWrapper]: Loading tweak class name net.minecraftforge.gradle.tweakers.CoremodTweaker
[19:38:01] [main/INFO] [LaunchWrapper]: Calling tweak class net.minecraftforge.fml.common.launcher.FMLTweaker
