[19:37:59] [main/INFO]: Logging in with username & password
[19:38:08] [Client thread/INFO]: Setting user: ParadoxBomb
[19:38:13] [Client thread/INFO]: LWJGL Version: 2.9.4
[19:38:20] [Client thread/INFO]: Reloading ResourceManager: Default, FMLFileResourcePack:Forge Mod Loader, FMLFileResourcePack:Minecraft Forge, FMLFileResourcePack:Ink Cannon, FMLFileResourcePack:Example Mod
[19:38:21] [Sound Library Loader/INFO]: Starting up SoundSystem...
[19:38:22] [Thread-9/INFO]: Initializing LWJGL OpenAL
[19:38:22] [Thread-9/INFO]: (The LWJGL binding of OpenAL.  For more information, see http://www.lwjgl.org)
[19:38:22] [Thread-9/INFO]: OpenAL initialized.
[19:38:22] [Sound Library Loader/INFO]: Sound engine started
[19:38:36] [Client thread/INFO]: Created: 16x16 textures-atlas
[19:38:38] [Client thread/INFO]: Reloading ResourceManager: Default, FMLFileResourcePack:Forge Mod Loader, FMLFileResourcePack:Minecraft Forge, FMLFileResourcePack:Ink Cannon, FMLFileResourcePack:Example Mod
[19:38:39] [Client thread/INFO]: SoundSystem shutting down...
[19:38:39] [Client thread/WARN]: Author: Paul Lamb, www.paulscode.com
[19:38:39] [Sound Library Loader/INFO]: Starting up SoundSystem...
[19:38:39] [Thread-11/INFO]: Initializing LWJGL OpenAL
[19:38:39] [Thread-11/INFO]: (The LWJGL binding of OpenAL.  For more information, see http://www.lwjgl.org)
[19:38:39] [Thread-11/INFO]: OpenAL initialized.
[19:38:39] [Sound Library Loader/INFO]: Sound engine started
[19:38:52] [Client thread/INFO]: Created: 512x512 textures-atlas
[19:38:57] [Server thread/INFO]: Starting integrated minecraft server version 1.8.9
[19:38:57] [Server thread/INFO]: Generating keypair
[19:38:57] [Server thread/INFO]: Preparing start region for level 0
[19:38:58] [Server thread/INFO]: Preparing spawn area: 10%
[19:39:00] [Server thread/INFO]: Changing view distance to 12, from 10
[19:39:02] [Server thread/INFO]: ParadoxBomb[local:E:1715946d] logged in with entity id 356 at (224.6087129590806, 66.26668530825697, 231.319178600592)
[19:39:02] [Server thread/INFO]: ParadoxBomb joined the game
[19:39:03] [Server thread/WARN]: Biome ID is out of bounds: -1, defaulting to 0 (Ocean)
[19:39:23] [Server thread/INFO]: Saving and pausing game...
[19:39:23] [Server thread/INFO]: Saving chunks for level 'Test World'/Overworld
[19:39:24] [Server thread/INFO]: Saving chunks for level 'Test World'/Nether
[19:39:24] [Server thread/INFO]: Saving chunks for level 'Test World'/The End
[19:39:25] [Client thread/INFO]: Stopping!
[19:39:25] [Client thread/INFO]: SoundSystem shutting down...
[19:39:25] [Server thread/INFO]: Stopping server
[19:39:25] [Server thread/INFO]: Saving players
[19:39:25] [Server thread/INFO]: Saving worlds
[19:39:25] [Server thread/INFO]: Saving chunks for level 'Test World'/Overworld
[19:39:25] [Server thread/INFO]: Saving chunks for level 'Test World'/Nether
[19:39:25] [Server thread/INFO]: Saving chunks for level 'Test World'/The End
[19:39:25] [Client thread/WARN]: Author: Paul Lamb, www.paulscode.com
[19:39:25] [Client Shutdown Thread/INFO]: Stopping server
[19:39:25] [Client Shutdown Thread/INFO]: Saving players
[19:39:25] [Client Shutdown Thread/INFO]: Saving worlds
[19:39:25] [Client Shutdown Thread/INFO]: Saving chunks for level 'Test World'/Overworld
